<?xml version="1.0" encoding="UTF-8"?>
<!-- Generated by org.testng.reporters.JUnitReportReporter -->
<testsuite skipped="0" hostname="DESKTOP-0LUKVE6" name="testClass.TestLogin" tests="1" failures="0" timestamp="2023-03-31T14:44:33 IST" time="56.136" errors="0">
  <testcase name="tc01_login_validCredentials" time="56.136" classname="testClass.TestLogin"/>
  <system-out>
    <![CDATA[join class
Welcome back, Akshata Ghumatkar! You can attend 2 FREE trial classes at your preferred time. Choose a class below and click on "Join" when you're ready.]]>
  </system-out>
</testsuite> <!-- testClass.TestLogin -->
